#! /opt/homebrew/Cellar/icarus-verilog/12.0/bin/vvp
:ivl_version "12.0 (stable)";
:ivl_delay_selection "TYPICAL";
:vpi_time_precision + 0;
:vpi_module "/opt/homebrew/Cellar/icarus-verilog/12.0/lib/ivl/system.vpi";
:vpi_module "/opt/homebrew/Cellar/icarus-verilog/12.0/lib/ivl/vhdl_sys.vpi";
:vpi_module "/opt/homebrew/Cellar/icarus-verilog/12.0/lib/ivl/vhdl_textio.vpi";
:vpi_module "/opt/homebrew/Cellar/icarus-verilog/12.0/lib/ivl/v2005_math.vpi";
:vpi_module "/opt/homebrew/Cellar/icarus-verilog/12.0/lib/ivl/va_math.vpi";
S_0x14b904170 .scope module, "pwm" "pwm" 2 1;
 .timescale 0 0;
    .port_info 0 /INPUT 8 "duty_cycle";
    .port_info 1 /INPUT 1 "clk";
    .port_info 2 /INPUT 1 "reset";
    .port_info 3 /OUTPUT 1 "led";
L_0x14b914830 .functor BUFZ 1, v0x14b914670_0, C4<0>, C4<0>, C4<0>;
o0x140008010 .functor BUFZ 1, C4<z>; HiZ drive
v0x14b9043d0_0 .net "clk", 0 0, o0x140008010;  0 drivers
v0x14b914480_0 .var "clk_counter", 7 0;
o0x140008070 .functor BUFZ 8, C4<zzzzzzzz>; HiZ drive
v0x14b914520_0 .net "duty_cycle", 7 0, o0x140008070;  0 drivers
v0x14b9145d0_0 .net "led", 0 0, L_0x14b914830;  1 drivers
v0x14b914670_0 .var "led_state", 0 0;
o0x140008100 .functor BUFZ 1, C4<z>; HiZ drive
v0x14b914750_0 .net "reset", 0 0, o0x140008100;  0 drivers
E_0x14b904370/0 .event negedge, v0x14b914750_0;
E_0x14b904370/1 .event posedge, v0x14b9043d0_0;
E_0x14b904370 .event/or E_0x14b904370/0, E_0x14b904370/1;
    .scope S_0x14b904170;
T_0 ;
    %wait E_0x14b904370;
    %load/vec4 v0x14b914750_0;
    %nor/r;
    %flag_set/vec4 8;
    %jmp/0xz  T_0.0, 8;
    %pushi/vec4 0, 0, 8;
    %assign/vec4 v0x14b914480_0, 0;
    %jmp T_0.1;
T_0.0 ;
    %load/vec4 v0x14b914480_0;
    %addi 1, 0, 8;
    %assign/vec4 v0x14b914480_0, 0;
T_0.1 ;
    %jmp T_0;
    .thread T_0;
    .scope S_0x14b904170;
T_1 ;
    %wait E_0x14b904370;
    %load/vec4 v0x14b914750_0;
    %nor/r;
    %flag_set/vec4 8;
    %jmp/0xz  T_1.0, 8;
    %pushi/vec4 0, 0, 1;
    %assign/vec4 v0x14b914670_0, 0;
    %jmp T_1.1;
T_1.0 ;
    %load/vec4 v0x14b914480_0;
    %load/vec4 v0x14b914520_0;
    %cmp/u;
    %flag_get/vec4 4;
    %flag_get/vec4 5;
    %or;
    %assign/vec4 v0x14b914670_0, 0;
T_1.1 ;
    %jmp T_1;
    .thread T_1;
# The file index is used to find the file name in the following table.
:file_names 3;
    "N/A";
    "<interactive>";
    "pwm.v";
