#! /opt/homebrew/Cellar/icarus-verilog/12.0/bin/vvp
:ivl_version "12.0 (stable)";
:ivl_delay_selection "TYPICAL";
:vpi_time_precision - 12;
:vpi_module "/opt/homebrew/Cellar/icarus-verilog/12.0/lib/ivl/system.vpi";
:vpi_module "/opt/homebrew/Cellar/icarus-verilog/12.0/lib/ivl/vhdl_sys.vpi";
:vpi_module "/opt/homebrew/Cellar/icarus-verilog/12.0/lib/ivl/vhdl_textio.vpi";
:vpi_module "/opt/homebrew/Cellar/icarus-verilog/12.0/lib/ivl/v2005_math.vpi";
:vpi_module "/opt/homebrew/Cellar/icarus-verilog/12.0/lib/ivl/va_math.vpi";
S_0x129f08bb0 .scope module, "pwm_tb" "pwm_tb" 2 3;
 .timescale -9 -12;
v0x129f19ab0_0 .var "clk", 0 0;
v0x129f19b50_0 .var "duty_cycle", 7 0;
v0x129f19c00_0 .net "led", 0 0, L_0x129f19d80;  1 drivers
v0x129f19cd0_0 .var "reset", 0 0;
S_0x129f08d20 .scope module, "pwm_inst" "pwm" 2 12, 3 1 0, S_0x129f08bb0;
 .timescale -9 -12;
    .port_info 0 /INPUT 8 "duty_cycle";
    .port_info 1 /INPUT 1 "clk";
    .port_info 2 /INPUT 1 "reset";
    .port_info 3 /OUTPUT 1 "led";
L_0x129f19d80 .functor BUFZ 1, v0x129f198f0_0, C4<0>, C4<0>, C4<0>;
v0x129f06b90_0 .net "clk", 0 0, v0x129f19ab0_0;  1 drivers
v0x129f196e0_0 .var "clk_counter", 7 0;
v0x129f19790_0 .net "duty_cycle", 7 0, v0x129f19b50_0;  1 drivers
v0x129f19850_0 .net "led", 0 0, L_0x129f19d80;  alias, 1 drivers
v0x129f198f0_0 .var "led_state", 0 0;
v0x129f199d0_0 .net "reset", 0 0, v0x129f19cd0_0;  1 drivers
E_0x129f071b0/0 .event negedge, v0x129f199d0_0;
E_0x129f071b0/1 .event posedge, v0x129f06b90_0;
E_0x129f071b0 .event/or E_0x129f071b0/0, E_0x129f071b0/1;
    .scope S_0x129f08d20;
T_0 ;
    %wait E_0x129f071b0;
    %load/vec4 v0x129f199d0_0;
    %nor/r;
    %flag_set/vec4 8;
    %jmp/0xz  T_0.0, 8;
    %pushi/vec4 0, 0, 8;
    %assign/vec4 v0x129f196e0_0, 0;
    %jmp T_0.1;
T_0.0 ;
    %load/vec4 v0x129f196e0_0;
    %addi 1, 0, 8;
    %assign/vec4 v0x129f196e0_0, 0;
T_0.1 ;
    %jmp T_0;
    .thread T_0;
    .scope S_0x129f08d20;
T_1 ;
    %wait E_0x129f071b0;
    %load/vec4 v0x129f199d0_0;
    %nor/r;
    %flag_set/vec4 8;
    %jmp/0xz  T_1.0, 8;
    %pushi/vec4 0, 0, 1;
    %assign/vec4 v0x129f198f0_0, 0;
    %jmp T_1.1;
T_1.0 ;
    %load/vec4 v0x129f196e0_0;
    %load/vec4 v0x129f19790_0;
    %cmp/u;
    %flag_get/vec4 4;
    %flag_get/vec4 5;
    %or;
    %assign/vec4 v0x129f198f0_0, 0;
T_1.1 ;
    %jmp T_1;
    .thread T_1;
    .scope S_0x129f08bb0;
T_2 ;
    %delay 10000, 0;
    %load/vec4 v0x129f19ab0_0;
    %inv;
    %store/vec4 v0x129f19ab0_0, 0, 1;
    %jmp T_2;
    .thread T_2;
    .scope S_0x129f08bb0;
T_3 ;
    %pushi/vec4 0, 0, 1;
    %store/vec4 v0x129f19ab0_0, 0, 1;
    %pushi/vec4 0, 0, 1;
    %store/vec4 v0x129f19cd0_0, 0, 1;
    %delay 50000, 0;
    %pushi/vec4 1, 0, 1;
    %store/vec4 v0x129f19cd0_0, 0, 1;
    %pushi/vec4 64, 0, 8;
    %store/vec4 v0x129f19b50_0, 0, 8;
    %delay 10500000, 0;
    %vpi_call 2 36 "$finish" {0 0 0};
    %end;
    .thread T_3;
    .scope S_0x129f08bb0;
T_4 ;
    %vpi_call 2 41 "$dumpfile", "pwm_wavedump.vcd" {0 0 0};
    %vpi_call 2 42 "$dumpvars", 32'sb00000000000000000000000000000000, S_0x129f08bb0 {0 0 0};
    %end;
    .thread T_4;
# The file index is used to find the file name in the following table.
:file_names 4;
    "N/A";
    "<interactive>";
    "pwm_tb.v";
    "./pwm.v";
